<?xml version="1.0" encoding="UTF-8"?>
<!-- Generated by org.testng.reporters.JUnitXMLReporter -->
<testsuite ignored="0" hostname="shristi" failures="2" tests="3" name="Smoke Tests" time="7.09" errors="0" timestamp="2021-02-26T11:54:21 IST">
  <testcase classname="SmokeTestCases.SmokeTest" name="signInButtonTest" time="7.045"/>
  <testcase classname="SmokeTestCases.SmokeTest" name="upcomingSubMenuTest" time="0.004">
    <failure type="java.util.NoSuchElementException">
      <![CDATA[java.util.NoSuchElementException
at java.base/java.util.Scanner.throwFor(Scanner.java:937)
at java.base/java.util.Scanner.next(Scanner.java:1594)
at java.base/java.util.Scanner.nextInt(Scanner.java:2258)
at java.base/java.util.Scanner.nextInt(Scanner.java:2212)
at Common.SelectBrowser.selectBrowser(SelectBrowser.java:16)
at SmokeTestPages.UpcomingBikesSubMenu.upcomingSubMenu(UpcomingBikesSubMenu.java:15)
at SmokeTestCases.SmokeTest.upcomingSubMenuTest(SmokeTest.java:22)
at java.base/java.util.ArrayList.forEach(ArrayList.java:1511)
... Removed 27 stack frames]]>
    </failure>
  </testcase> <!-- upcomingSubMenuTest -->
  <testcase classname="SmokeTestCases.SmokeTest" name="findUsedCarsSubMenu" time="0.003">
    <failure type="java.util.NoSuchElementException">
      <![CDATA[java.util.NoSuchElementException
at java.base/java.util.Scanner.throwFor(Scanner.java:937)
at java.base/java.util.Scanner.next(Scanner.java:1594)
at java.base/java.util.Scanner.nextInt(Scanner.java:2258)
at java.base/java.util.Scanner.nextInt(Scanner.java:2212)
at Common.SelectBrowser.selectBrowser(SelectBrowser.java:16)
at SmokeTestPages.FindUsedCarsSubMenu.findUsedCarsSubMenu(FindUsedCarsSubMenu.java:15)
at SmokeTestCases.SmokeTest.findUsedCarsSubMenu(SmokeTest.java:30)
at java.base/java.util.ArrayList.forEach(ArrayList.java:1511)
... Removed 27 stack frames]]>
    </failure>
  </testcase> <!-- findUsedCarsSubMenu -->
</testsuite> <!-- Smoke Tests -->
